<?xml version="1.0" encoding="UTF-8"?>
<!-- Generated by org.testng.reporters.JUnitXMLReporter -->
<testsuite ignored="6" hostname="Aashish" failures="0" tests="1" name="Default test" time="0.219" errors="0" timestamp="2023-07-09T09:55:08 IST">
  <testcase classname="TestCases.Brevistay" name="@BeforeTest browser" time="-1.68887670809E9">
    <failure type="org.testng.TestNGException" message="
Parameter &amp;apos;browsername&amp;apos; is required by BeforeTest on method browser but has not been marked @Optional or defined
in C:\Users\aashi\AppData\Local\Temp\testng-eclipse-1467952142\testng-customsuite.xml">
      <![CDATA[org.testng.TestNGException: 
Parameter 'browsername' is required by BeforeTest on method browser but has not been marked @Optional or defined
in C:\Users\aashi\AppData\Local\Temp\testng-eclipse-1467952142\testng-customsuite.xml
at org.testng.internal.Parameters.createParams(Parameters.java:267)
at org.testng.internal.Parameters.createParametersForMethod(Parameters.java:355)
at org.testng.internal.Parameters.createParameters(Parameters.java:684)
at org.testng.internal.Parameters.createConfigurationParameters(Parameters.java:166)
at org.testng.internal.invokers.ConfigInvoker.invokeConfigurations(ConfigInvoker.java:277)
at org.testng.TestRunner.invokeTestConfigurations(TestRunner.java:644)
at org.testng.TestRunner.beforeRun(TestRunner.java:633)
at org.testng.TestRunner.run(TestRunner.java:595)
at org.testng.SuiteRunner.runTest(SuiteRunner.java:437)
at org.testng.SuiteRunner.runSequentially(SuiteRunner.java:431)
at org.testng.SuiteRunner.privateRun(SuiteRunner.java:391)
at org.testng.SuiteRunner.run(SuiteRunner.java:330)
at org.testng.SuiteRunnerWorker.runSuite(SuiteRunnerWorker.java:52)
at org.testng.SuiteRunnerWorker.run(SuiteRunnerWorker.java:95)
at org.testng.TestNG.runSuitesSequentially(TestNG.java:1256)
at org.testng.TestNG.runSuitesLocally(TestNG.java:1176)
at org.testng.TestNG.runSuites(TestNG.java:1099)
at org.testng.TestNG.run(TestNG.java:1067)
at org.testng.remote.AbstractRemoteTestNG.run(AbstractRemoteTestNG.java:115)
at org.testng.remote.RemoteTestNG.initAndRun(RemoteTestNG.java:251)
at org.testng.remote.RemoteTestNG.main(RemoteTestNG.java:77)
]]>
    </failure>
  </testcase> <!-- @BeforeTest browser -->
  <testcase classname="TestCases.Brevistay" name="checkLinkStatus" time="0.0">
    <skipped/>
  </testcase> <!-- checkLinkStatus -->
  <testcase classname="TestCases.Brevistay" name="verifyingAreaFilter" time="0.0">
    <ignored/>
  </testcase> <!-- verifyingAreaFilter -->
  <testcase classname="TestCases.Brevistay" name="launchHomepage" time="0.0">
    <ignored/>
  </testcase> <!-- launchHomepage -->
  <testcase classname="TestCases.Brevistay" name="login" time="0.0">
    <ignored/>
  </testcase> <!-- login -->
  <testcase classname="TestCases.Brevistay" name="selectCity" time="0.0">
    <ignored/>
  </testcase> <!-- selectCity -->
  <testcase classname="TestCases.Brevistay" name="verifyingCoupleFriendly" time="0.0">
    <ignored/>
  </testcase> <!-- verifyingCoupleFriendly -->
  <testcase classname="TestCases.Brevistay" name="verifyingCoupleFriendlywithpah" time="0.0">
    <ignored/>
  </testcase> <!-- verifyingCoupleFriendlywithpah -->
</testsuite> <!-- Default test -->
